Using pre-set license
Built from '2021.3/staging' branch; Version is '2021.3.7f1 (24e8595d6d43) revision 2418777'; Using compiler version '192829333'; Build Type 'Release'
OS: 'Windows 10  (10.0.19044) 64bit Core' Language: 'en' Physical Memory: 16314 MB
BatchMode: 1, IsHumanControllingUs: 0, StartBugReporterOnCrash: 0, Is64bit: 1, IsPro: 1

COMMAND LINE ARGUMENTS:
E:\Unity 2021.3.7f1\Editor\Unity.exe
-adb2
-batchMode
-noUpm
-name
AssetImportWorker2
-projectPath
F:/UnityProject/module3
-logFile
Logs/AssetImportWorker2.log
-srvPort
57416
Successfully changed project path to: F:/UnityProject/module3
F:/UnityProject/module3
[UnityMemory] Configuration Parameters - Can be set up in boot.config
    "memorysetup-bucket-allocator-granularity=16"
    "memorysetup-bucket-allocator-bucket-count=8"
    "memorysetup-bucket-allocator-block-size=33554432"
    "memorysetup-bucket-allocator-block-count=8"
    "memorysetup-main-allocator-block-size=16777216"
    "memorysetup-thread-allocator-block-size=16777216"
    "memorysetup-gfx-main-allocator-block-size=16777216"
    "memorysetup-gfx-thread-allocator-block-size=16777216"
    "memorysetup-cache-allocator-block-size=4194304"
    "memorysetup-typetree-allocator-block-size=2097152"
    "memorysetup-profiler-bucket-allocator-granularity=16"
    "memorysetup-profiler-bucket-allocator-bucket-count=8"
    "memorysetup-profiler-bucket-allocator-block-size=33554432"
    "memorysetup-profiler-bucket-allocator-block-count=8"
    "memorysetup-profiler-allocator-block-size=16777216"
    "memorysetup-profiler-editor-allocator-block-size=1048576"
    "memorysetup-temp-allocator-size-main=16777216"
    "memorysetup-job-temp-allocator-block-size=2097152"
    "memorysetup-job-temp-allocator-block-size-background=1048576"
    "memorysetup-job-temp-allocator-reduction-small-platforms=262144"
    "memorysetup-temp-allocator-size-background-worker=32768"
    "memorysetup-temp-allocator-size-job-worker=262144"
    "memorysetup-temp-allocator-size-preload-manager=33554432"
    "memorysetup-temp-allocator-size-nav-mesh-worker=65536"
    "memorysetup-temp-allocator-size-audio-worker=65536"
    "memorysetup-temp-allocator-size-cloud-worker=32768"
    "memorysetup-temp-allocator-size-gi-baking-worker=262144"
    "memorysetup-temp-allocator-size-gfx=262144"
Refreshing native plugins compatible for Editor in 75.87 ms, found 3 plugins.
Preloading 0 native plugins for Editor in 0.00 ms.
Initialize engine version: 2021.3.7f1 (24e8595d6d43)
[Subsystems] Discovering subsystems at path E:/Unity 2021.3.7f1/Editor/Data/Resources/UnitySubsystems
[Subsystems] Discovering subsystems at path F:/UnityProject/module3/Assets
GfxDevice: creating device client; threaded=0; jobified=0
Direct3D:
    Version:  Direct3D 11.0 [level 11.1]
    Renderer: NVIDIA GeForce RTX 3050 (ID=0x2507)
    Vendor:   NVIDIA
    VRAM:     8056 MB
    Driver:   31.0.15.2698
Initialize mono
Mono path[0] = 'E:/Unity 2021.3.7f1/Editor/Data/Managed'
Mono path[1] = 'E:/Unity 2021.3.7f1/Editor/Data/MonoBleedingEdge/lib/mono/unityjit-win32'
Mono config path = 'E:/Unity 2021.3.7f1/Editor/Data/MonoBleedingEdge/etc'
Using monoOptions --debugger-agent=transport=dt_socket,embedding=1,server=y,suspend=n,address=127.0.0.1:56924
Begin MonoManager ReloadAssembly
Registering precompiled unity dll's ...
Register platform support module: E:/Unity 2021.3.7f1/Editor/Data/PlaybackEngines/WindowsStandaloneSupport/UnityEditor.WindowsStandalone.Extensions.dll
Registered in 0.001962 seconds.
Native extension for WindowsStandalone target not found
Refreshing native plugins compatible for Editor in 72.97 ms, found 3 plugins.
Preloading 0 native plugins for Editor in 0.00 ms.
Mono: successfully reloaded assembly
- Completed reload, in  0.528 seconds
Domain Reload Profiling:
	ReloadAssembly (528ms)
		BeginReloadAssembly (60ms)
			ExecutionOrderSort (0ms)
			DisableScriptedObjects (0ms)
			BackupInstance (0ms)
			ReleaseScriptingObjects (0ms)
			CreateAndSetChildDomain (1ms)
		EndReloadAssembly (381ms)
			LoadAssemblies (59ms)
			RebuildTransferFunctionScriptingTraits (0ms)
			SetupTypeCache (89ms)
			ReleaseScriptCaches (0ms)
			RebuildScriptCaches (23ms)
			SetupLoadedEditorAssemblies (231ms)
				LogAssemblyErrors (0ms)
				InitializePlatformSupportModulesInManaged (6ms)
				SetLoadedEditorAssemblies (0ms)
				RefreshPlugins (73ms)
				BeforeProcessingInitializeOnLoad (1ms)
				ProcessInitializeOnLoadAttributes (115ms)
				ProcessInitializeOnLoadMethodAttributes (36ms)
				AfterProcessingInitializeOnLoad (0ms)
				EditorAssembliesLoaded (0ms)
			ExecutionOrderSort2 (0ms)
			AwakeInstancesAfterBackupRestoration (0ms)
Platform modules already initialized, skipping
Registering precompiled user dll's ...
Registered in 0.003886 seconds.
Begin MonoManager ReloadAssembly
Symbol file LoadedFromMemory doesn't match image F:\UnityProject\module3\Library\PackageCache\com.unity.visualscripting@1.7.8\Editor\VisualScripting.Core\Dependencies\YamlDotNet\Unity.VisualScripting.YamlDotNet.dll
Symbol file LoadedFromMemory doesn't match image F:\UnityProject\module3\Library\PackageCache\com.unity.visualscripting@1.7.8\Editor\VisualScripting.Core\Dependencies\DotNetZip\Unity.VisualScripting.IonicZip.dll
Native extension for WindowsStandalone target not found
Refreshing native plugins compatible for Editor in 0.61 ms, found 3 plugins.
Preloading 0 native plugins for Editor in 0.00 ms.
Mono: successfully reloaded assembly
- Completed reload, in  0.874 seconds
Domain Reload Profiling:
	ReloadAssembly (875ms)
		BeginReloadAssembly (90ms)
			ExecutionOrderSort (0ms)
			DisableScriptedObjects (5ms)
			BackupInstance (0ms)
			ReleaseScriptingObjects (0ms)
			CreateAndSetChildDomain (16ms)
		EndReloadAssembly (691ms)
			LoadAssemblies (64ms)
			RebuildTransferFunctionScriptingTraits (0ms)
			SetupTypeCache (224ms)
			ReleaseScriptCaches (1ms)
			RebuildScriptCaches (44ms)
			SetupLoadedEditorAssemblies (323ms)
				LogAssemblyErrors (0ms)
				InitializePlatformSupportModulesInManaged (4ms)
				SetLoadedEditorAssemblies (0ms)
				RefreshPlugins (1ms)
				BeforeProcessingInitializeOnLoad (76ms)
				ProcessInitializeOnLoadAttributes (213ms)
				ProcessInitializeOnLoadMethodAttributes (27ms)
				AfterProcessingInitializeOnLoad (2ms)
				EditorAssembliesLoaded (0ms)
			ExecutionOrderSort2 (0ms)
			AwakeInstancesAfterBackupRestoration (5ms)
Platform modules already initialized, skipping
========================================================================
Worker process is ready to serve import requests
Launched and connected shader compiler UnityShaderCompiler.exe after 0.06 seconds
Refreshing native plugins compatible for Editor in 0.86 ms, found 3 plugins.
Preloading 0 native plugins for Editor in 0.00 ms.
Unloading 3377 Unused Serialized files (Serialized files now loaded: 0)
Unloading 27 unused Assets / (110.9 KB). Loaded Objects now: 3834.
Memory consumption went from 116.3 MB to 116.2 MB.
Total: 2.861200 ms (FindLiveObjects: 0.295800 ms CreateObjectMapping: 0.088900 ms MarkObjects: 2.381200 ms  DeleteObjects: 0.094400 ms)

AssetImportParameters requested are different than current active one (requested -> active):
  custom:video-decoder-ogg-theora: a1e56fd34408186e4bbccfd4996cb3dc -> 
  custom:container-muxer-webm: aa71ff27fc2769a1b78a27578f13a17b -> 
  custom:container-demuxer-webm: 4f35f7cbe854078d1ac9338744f61a02 -> 
  custom:video-encoder-webm-vp8: eb34c28f22e8b96e1ab97ce403110664 -> 
  custom:audio-encoder-webm-vorbis: bf7c407c2cedff20999df2af8eb42d56 -> 
  custom:framework-win-MediaFoundation: 216162199b28c13a410421893ffa2e32 -> 
  custom:container-demuxer-ogg: 62fdf1f143b41e24485cea50d1cbac27 -> 
  custom:video-decoder-webm-vp8: 9c59270c3fd7afecdb556c50c9e8de78 -> 
  custom:audio-decoder-ogg-vorbis: bf7c407c2cedff20999df2af8eb42d56 -> 
========================================================================
Received Import Request.
  Time since last request: 11050.499585 seconds.
  path: Packages/com.unity.timeline/Editor/StyleSheets/Images/LightSkin/TimelineMarkerItemSelected.png
  artifactKey: Guid(b6e9dc9aad5843748a0124b8925c3743) Importer(815301076,1909f56bfc062723c751e8b465ee728b)
Start importing Packages/com.unity.timeline/Editor/StyleSheets/Images/LightSkin/TimelineMarkerItemSelected.png using Guid(b6e9dc9aad5843748a0124b8925c3743) Importer(815301076,1909f56bfc062723c751e8b465ee728b)  -> (artifact id: 'c57a60a1aad2ab108db0ced817d016ff') in 0.095632 seconds 
========================================================================
Received Import Request.
  Time since last request: 124.502392 seconds.
  path: Assets/Models/items/pickaxe.fbx
  artifactKey: Guid(34f6be23c9683d742acd90e7f1d19fec) Importer(815301076,1909f56bfc062723c751e8b465ee728b)
Start importing Assets/Models/items/pickaxe.fbx using Guid(34f6be23c9683d742acd90e7f1d19fec) Importer(815301076,1909f56bfc062723c751e8b465ee728b)  -> (artifact id: '4530cf0caca870f8a837b617cad44a1b') in 0.144985 seconds 
========================================================================
Received Import Request.
  Time since last request: 17.027328 seconds.
  path: Assets/Models/items/pickaxe.fbx
  artifactKey: Guid(34f6be23c9683d742acd90e7f1d19fec) Importer(815301076,1909f56bfc062723c751e8b465ee728b)
Start importing Assets/Models/items/pickaxe.fbx using Guid(34f6be23c9683d742acd90e7f1d19fec) Importer(815301076,1909f56bfc062723c751e8b465ee728b)  -> (artifact id: '47d73fceea02858d3b65e8f617220273') in 0.025679 seconds 
========================================================================
Received Import Request.
  Time since last request: 197.324746 seconds.
  path: Assets/Models/items/pickaxe 1.fbx
  artifactKey: Guid(b1836a44a9397ea4c8b585185da2e80d) Importer(815301076,1909f56bfc062723c751e8b465ee728b)
Start importing Assets/Models/items/pickaxe 1.fbx using Guid(b1836a44a9397ea4c8b585185da2e80d) Importer(815301076,1909f56bfc062723c751e8b465ee728b)  -> (artifact id: 'b4938092ad45d140784d2a7de35f3a91') in 0.054567 seconds 
========================================================================
Received Import Request.
  Time since last request: 17.078617 seconds.
  path: Assets/Models/items/pickaxe.fbx
  artifactKey: Guid(34f6be23c9683d742acd90e7f1d19fec) Importer(815301076,1909f56bfc062723c751e8b465ee728b)
Start importing Assets/Models/items/pickaxe.fbx using Guid(34f6be23c9683d742acd90e7f1d19fec) Importer(815301076,1909f56bfc062723c751e8b465ee728b)  -> (artifact id: 'cea4b8a9b228536d6de1363d48e9d75e') in 0.040433 seconds 
========================================================================
Received Import Request.
  Time since last request: 370.819970 seconds.
  path: Assets/Materials/Textures/itemsTest_items_AlbedoTransparency 1.png
  artifactKey: Guid(1e29652469e684a428674b65a1cbf989) Importer(815301076,1909f56bfc062723c751e8b465ee728b)
Start importing Assets/Materials/Textures/itemsTest_items_AlbedoTransparency 1.png using Guid(1e29652469e684a428674b65a1cbf989) Importer(815301076,1909f56bfc062723c751e8b465ee728b)  -> (artifact id: 'a3b96979f72e49e4ceb286a5ddca578f') in 0.030530 seconds 
========================================================================
Received Import Request.
  Time since last request: 24.133940 seconds.
  path: Assets/Materials/Textures/itemsTest_items_AlbedoTransparency.png
  artifactKey: Guid(f9ad2c12b93d78c42a3746af6a09e98f) Importer(815301076,1909f56bfc062723c751e8b465ee728b)
Start importing Assets/Materials/Textures/itemsTest_items_AlbedoTransparency.png using Guid(f9ad2c12b93d78c42a3746af6a09e98f) Importer(815301076,1909f56bfc062723c751e8b465ee728b)  -> (artifact id: 'c2ed988be66295a4174110bbcd351c36') in 0.024834 seconds 
========================================================================
Received Import Request.
  Time since last request: 0.000019 seconds.
  path: Assets/Materials/Textures/itemsTest_items_Normal.png
  artifactKey: Guid(cd0f49a654e69b04c8632cac9fd79b4b) Importer(815301076,1909f56bfc062723c751e8b465ee728b)
Start importing Assets/Materials/Textures/itemsTest_items_Normal.png using Guid(cd0f49a654e69b04c8632cac9fd79b4b) Importer(815301076,1909f56bfc062723c751e8b465ee728b)  -> (artifact id: 'c7fb2d98dac6add3eda4b87929576125') in 0.035967 seconds 
========================================================================
Received Import Request.
  Time since last request: 14.599894 seconds.
  path: Assets/Materials/Textures/itemsTest_items_Normal.png
  artifactKey: Guid(cd0f49a654e69b04c8632cac9fd79b4b) Importer(815301076,1909f56bfc062723c751e8b465ee728b)
Start importing Assets/Materials/Textures/itemsTest_items_Normal.png using Guid(cd0f49a654e69b04c8632cac9fd79b4b) Importer(815301076,1909f56bfc062723c751e8b465ee728b)  -> (artifact id: 'c90fbed6700f3a75433aa7905c77663c') in 0.034189 seconds 
