Using pre-set license
Built from '2021.3/staging' branch; Version is '2021.3.7f1 (24e8595d6d43) revision 2418777'; Using compiler version '192829333'; Build Type 'Release'
OS: 'Windows 10  (10.0.19044) 64bit Core' Language: 'en' Physical Memory: 16314 MB
BatchMode: 1, IsHumanControllingUs: 0, StartBugReporterOnCrash: 0, Is64bit: 1, IsPro: 1

COMMAND LINE ARGUMENTS:
E:\Unity 2021.3.7f1\Editor\Unity.exe
-adb2
-batchMode
-noUpm
-name
AssetImportWorker0
-projectPath
F:/UnityProject/module3
-logFile
Logs/AssetImportWorker0.log
-srvPort
50533
Successfully changed project path to: F:/UnityProject/module3
F:/UnityProject/module3
[UnityMemory] Configuration Parameters - Can be set up in boot.config
    "memorysetup-bucket-allocator-granularity=16"
    "memorysetup-bucket-allocator-bucket-count=8"
    "memorysetup-bucket-allocator-block-size=33554432"
    "memorysetup-bucket-allocator-block-count=8"
    "memorysetup-main-allocator-block-size=16777216"
    "memorysetup-thread-allocator-block-size=16777216"
    "memorysetup-gfx-main-allocator-block-size=16777216"
    "memorysetup-gfx-thread-allocator-block-size=16777216"
    "memorysetup-cache-allocator-block-size=4194304"
    "memorysetup-typetree-allocator-block-size=2097152"
    "memorysetup-profiler-bucket-allocator-granularity=16"
    "memorysetup-profiler-bucket-allocator-bucket-count=8"
    "memorysetup-profiler-bucket-allocator-block-size=33554432"
    "memorysetup-profiler-bucket-allocator-block-count=8"
    "memorysetup-profiler-allocator-block-size=16777216"
    "memorysetup-profiler-editor-allocator-block-size=1048576"
    "memorysetup-temp-allocator-size-main=16777216"
    "memorysetup-job-temp-allocator-block-size=2097152"
    "memorysetup-job-temp-allocator-block-size-background=1048576"
    "memorysetup-job-temp-allocator-reduction-small-platforms=262144"
    "memorysetup-temp-allocator-size-background-worker=32768"
    "memorysetup-temp-allocator-size-job-worker=262144"
    "memorysetup-temp-allocator-size-preload-manager=33554432"
    "memorysetup-temp-allocator-size-nav-mesh-worker=65536"
    "memorysetup-temp-allocator-size-audio-worker=65536"
    "memorysetup-temp-allocator-size-cloud-worker=32768"
    "memorysetup-temp-allocator-size-gi-baking-worker=262144"
    "memorysetup-temp-allocator-size-gfx=262144"
Refreshing native plugins compatible for Editor in 73.38 ms, found 3 plugins.
Preloading 0 native plugins for Editor in 0.00 ms.
Initialize engine version: 2021.3.7f1 (24e8595d6d43)
[Subsystems] Discovering subsystems at path E:/Unity 2021.3.7f1/Editor/Data/Resources/UnitySubsystems
[Subsystems] Discovering subsystems at path F:/UnityProject/module3/Assets
GfxDevice: creating device client; threaded=0; jobified=0
Direct3D:
    Version:  Direct3D 11.0 [level 11.1]
    Renderer: NVIDIA GeForce RTX 3050 (ID=0x2507)
    Vendor:   NVIDIA
    VRAM:     8056 MB
    Driver:   31.0.15.2698
Initialize mono
Mono path[0] = 'E:/Unity 2021.3.7f1/Editor/Data/Managed'
Mono path[1] = 'E:/Unity 2021.3.7f1/Editor/Data/MonoBleedingEdge/lib/mono/unityjit-win32'
Mono config path = 'E:/Unity 2021.3.7f1/Editor/Data/MonoBleedingEdge/etc'
Using monoOptions --debugger-agent=transport=dt_socket,embedding=1,server=y,suspend=n,address=127.0.0.1:56560
Begin MonoManager ReloadAssembly
Registering precompiled unity dll's ...
Register platform support module: E:/Unity 2021.3.7f1/Editor/Data/PlaybackEngines/WindowsStandaloneSupport/UnityEditor.WindowsStandalone.Extensions.dll
Registered in 0.001915 seconds.
Native extension for WindowsStandalone target not found
Refreshing native plugins compatible for Editor in 70.62 ms, found 3 plugins.
Preloading 0 native plugins for Editor in 0.00 ms.
Mono: successfully reloaded assembly
- Completed reload, in  0.522 seconds
Domain Reload Profiling:
	ReloadAssembly (522ms)
		BeginReloadAssembly (61ms)
			ExecutionOrderSort (0ms)
			DisableScriptedObjects (0ms)
			BackupInstance (0ms)
			ReleaseScriptingObjects (0ms)
			CreateAndSetChildDomain (1ms)
		EndReloadAssembly (376ms)
			LoadAssemblies (60ms)
			RebuildTransferFunctionScriptingTraits (0ms)
			SetupTypeCache (87ms)
			ReleaseScriptCaches (0ms)
			RebuildScriptCaches (23ms)
			SetupLoadedEditorAssemblies (226ms)
				LogAssemblyErrors (0ms)
				InitializePlatformSupportModulesInManaged (5ms)
				SetLoadedEditorAssemblies (0ms)
				RefreshPlugins (71ms)
				BeforeProcessingInitializeOnLoad (1ms)
				ProcessInitializeOnLoadAttributes (113ms)
				ProcessInitializeOnLoadMethodAttributes (36ms)
				AfterProcessingInitializeOnLoad (0ms)
				EditorAssembliesLoaded (0ms)
			ExecutionOrderSort2 (0ms)
			AwakeInstancesAfterBackupRestoration (0ms)
Platform modules already initialized, skipping
Registering precompiled user dll's ...
Registered in 0.005332 seconds.
Begin MonoManager ReloadAssembly
Symbol file LoadedFromMemory doesn't match image F:\UnityProject\module3\Library\PackageCache\com.unity.visualscripting@1.7.8\Editor\VisualScripting.Core\Dependencies\YamlDotNet\Unity.VisualScripting.YamlDotNet.dll
Symbol file LoadedFromMemory doesn't match image F:\UnityProject\module3\Library\PackageCache\com.unity.visualscripting@1.7.8\Editor\VisualScripting.Core\Dependencies\DotNetZip\Unity.VisualScripting.IonicZip.dll
Native extension for WindowsStandalone target not found
Refreshing native plugins compatible for Editor in 0.50 ms, found 3 plugins.
Preloading 0 native plugins for Editor in 0.00 ms.
Mono: successfully reloaded assembly
- Completed reload, in  0.854 seconds
Domain Reload Profiling:
	ReloadAssembly (854ms)
		BeginReloadAssembly (91ms)
			ExecutionOrderSort (0ms)
			DisableScriptedObjects (5ms)
			BackupInstance (0ms)
			ReleaseScriptingObjects (0ms)
			CreateAndSetChildDomain (18ms)
		EndReloadAssembly (666ms)
			LoadAssemblies (67ms)
			RebuildTransferFunctionScriptingTraits (0ms)
			SetupTypeCache (219ms)
			ReleaseScriptCaches (1ms)
			RebuildScriptCaches (40ms)
			SetupLoadedEditorAssemblies (311ms)
				LogAssemblyErrors (0ms)
				InitializePlatformSupportModulesInManaged (3ms)
				SetLoadedEditorAssemblies (0ms)
				RefreshPlugins (1ms)
				BeforeProcessingInitializeOnLoad (80ms)
				ProcessInitializeOnLoadAttributes (200ms)
				ProcessInitializeOnLoadMethodAttributes (24ms)
				AfterProcessingInitializeOnLoad (2ms)
				EditorAssembliesLoaded (0ms)
			ExecutionOrderSort2 (0ms)
			AwakeInstancesAfterBackupRestoration (5ms)
Platform modules already initialized, skipping
========================================================================
Worker process is ready to serve import requests
Launched and connected shader compiler UnityShaderCompiler.exe after 0.04 seconds
Refreshing native plugins compatible for Editor in 0.89 ms, found 3 plugins.
Preloading 0 native plugins for Editor in 0.00 ms.
Unloading 3377 Unused Serialized files (Serialized files now loaded: 0)
Unloading 27 unused Assets / (110.9 KB). Loaded Objects now: 3834.
Memory consumption went from 116.3 MB to 116.2 MB.
Total: 3.085000 ms (FindLiveObjects: 0.354500 ms CreateObjectMapping: 0.093700 ms MarkObjects: 2.540500 ms  DeleteObjects: 0.095100 ms)

AssetImportParameters requested are different than current active one (requested -> active):
  custom:video-decoder-ogg-theora: a1e56fd34408186e4bbccfd4996cb3dc -> 
  custom:container-muxer-webm: aa71ff27fc2769a1b78a27578f13a17b -> 
  custom:container-demuxer-webm: 4f35f7cbe854078d1ac9338744f61a02 -> 
  custom:video-encoder-webm-vp8: eb34c28f22e8b96e1ab97ce403110664 -> 
  custom:audio-encoder-webm-vorbis: bf7c407c2cedff20999df2af8eb42d56 -> 
  custom:framework-win-MediaFoundation: 216162199b28c13a410421893ffa2e32 -> 
  custom:container-demuxer-ogg: 62fdf1f143b41e24485cea50d1cbac27 -> 
  custom:video-decoder-webm-vp8: 9c59270c3fd7afecdb556c50c9e8de78 -> 
  custom:audio-decoder-ogg-vorbis: bf7c407c2cedff20999df2af8eb42d56 -> 
========================================================================
Received Import Request.
  Time since last request: 38684.007145 seconds.
  path: Assets/Materials/items 1.mat
  artifactKey: Guid(d07ead80c3dc4e54190e32ea24ca1bf8) Importer(815301076,1909f56bfc062723c751e8b465ee728b)
Start importing Assets/Materials/items 1.mat using Guid(d07ead80c3dc4e54190e32ea24ca1bf8) Importer(815301076,1909f56bfc062723c751e8b465ee728b)  -> (artifact id: '927195b97ae3d2ebd370b83a167acf7b') in 0.139412 seconds 
========================================================================
Received Import Request.
  Time since last request: 12.025889 seconds.
  path: Assets/Materials/itemsFade.mat
  artifactKey: Guid(d07ead80c3dc4e54190e32ea24ca1bf8) Importer(815301076,1909f56bfc062723c751e8b465ee728b)
Start importing Assets/Materials/itemsFade.mat using Guid(d07ead80c3dc4e54190e32ea24ca1bf8) Importer(815301076,1909f56bfc062723c751e8b465ee728b)  -> (artifact id: '9dff7e50dd93a231e296768bb8ca999f') in 0.031058 seconds 
========================================================================
Received Import Request.
  Time since last request: 100.612220 seconds.
  path: Assets/Prefabs/barrel.prefab
  artifactKey: Guid(c7f3c3ab54e1b064ca3eeed9d789f0e8) Importer(815301076,1909f56bfc062723c751e8b465ee728b)
Start importing Assets/Prefabs/barrel.prefab using Guid(c7f3c3ab54e1b064ca3eeed9d789f0e8) Importer(815301076,1909f56bfc062723c751e8b465ee728b)  -> (artifact id: '074286c7c0b80b4ebeb94fc908ec9690') in 0.084701 seconds 
========================================================================
Received Import Request.
  Time since last request: 2.247568 seconds.
  path: Assets/Prefabs/fence.prefab
  artifactKey: Guid(6b90412d8e40b2c4996a717238b88335) Importer(815301076,1909f56bfc062723c751e8b465ee728b)
Start importing Assets/Prefabs/fence.prefab using Guid(6b90412d8e40b2c4996a717238b88335) Importer(815301076,1909f56bfc062723c751e8b465ee728b)  -> (artifact id: '52574f0260cb127d5777d82756c626f5') in 0.027702 seconds 
========================================================================
Received Import Request.
  Time since last request: 803.609313 seconds.
  path: Assets/Materials/itemsFade.mat
  artifactKey: Guid(d07ead80c3dc4e54190e32ea24ca1bf8) Importer(815301076,1909f56bfc062723c751e8b465ee728b)
Start importing Assets/Materials/itemsFade.mat using Guid(d07ead80c3dc4e54190e32ea24ca1bf8) Importer(815301076,1909f56bfc062723c751e8b465ee728b)  -> (artifact id: '3a7e6bac7c10eedcb62ead24ed2596d4') in 0.218543 seconds 
========================================================================
Received Import Request.
  Time since last request: 115.587979 seconds.
  path: Assets/Prefabs/cobWeb.prefab
  artifactKey: Guid(bd6a56dc01a72804696c03499eb9eb73) Importer(815301076,1909f56bfc062723c751e8b465ee728b)
Start importing Assets/Prefabs/cobWeb.prefab using Guid(bd6a56dc01a72804696c03499eb9eb73) Importer(815301076,1909f56bfc062723c751e8b465ee728b)  -> (artifact id: '56b7a4def413415ca87dbbcb197c4b83') in 0.028760 seconds 
========================================================================
Received Import Request.
  Time since last request: 5329.887149 seconds.
  path: Assets/Models/cave.fbx
  artifactKey: Guid(b639477d0cafcfb4fb831360b3dcd0ee) Importer(815301076,1909f56bfc062723c751e8b465ee728b)
Start importing Assets/Models/cave.fbx using Guid(b639477d0cafcfb4fb831360b3dcd0ee) Importer(815301076,1909f56bfc062723c751e8b465ee728b)  -> (artifact id: '81378a5c121609d0c503685085ef79f5') in 0.236234 seconds 
========================================================================
Received Import Request.
  Time since last request: 227.937647 seconds.
  path: Assets/Materials/Textures/cave_AlbedoTransparency.png
  artifactKey: Guid(99b2c00c23429cc48a951f0ad51bf879) Importer(815301076,1909f56bfc062723c751e8b465ee728b)
Start importing Assets/Materials/Textures/cave_AlbedoTransparency.png using Guid(99b2c00c23429cc48a951f0ad51bf879) Importer(815301076,1909f56bfc062723c751e8b465ee728b)  -> (artifact id: 'c982400bc0a66b053469aa168018454f') in 0.123978 seconds 
========================================================================
Received Import Request.
  Time since last request: 10.853452 seconds.
  path: Assets/Materials/cave.mat
  artifactKey: Guid(83d19f2ad02d2484aa58c386dbb0bc20) Importer(815301076,1909f56bfc062723c751e8b465ee728b)
Start importing Assets/Materials/cave.mat using Guid(83d19f2ad02d2484aa58c386dbb0bc20) Importer(815301076,1909f56bfc062723c751e8b465ee728b)  -> (artifact id: 'a33d9607b78203480dd52f6c05b18ae4') in 0.015138 seconds 
========================================================================
Received Import Request.
  Time since last request: 81.720192 seconds.
  path: Assets/Materials/cave.mat
  artifactKey: Guid(83d19f2ad02d2484aa58c386dbb0bc20) Importer(815301076,1909f56bfc062723c751e8b465ee728b)
Start importing Assets/Materials/cave.mat using Guid(83d19f2ad02d2484aa58c386dbb0bc20) Importer(815301076,1909f56bfc062723c751e8b465ee728b)  -> (artifact id: '9ae72fddb076f8f741b35e17a25a9688') in 0.087710 seconds 
========================================================================
Received Import Request.
  Time since last request: 1.498746 seconds.
  path: Assets/Materials/cave.mat
  artifactKey: Guid(83d19f2ad02d2484aa58c386dbb0bc20) Importer(815301076,1909f56bfc062723c751e8b465ee728b)
Start importing Assets/Materials/cave.mat using Guid(83d19f2ad02d2484aa58c386dbb0bc20) Importer(815301076,1909f56bfc062723c751e8b465ee728b)  -> (artifact id: 'a2fb0130a96b6a8fc2d6c3008a17a4f8') in 0.027129 seconds 
